<?xml version="1.0" encoding="UTF-8"?>
<!-- JBoss, Home of Professional Open Source Copyright 2013, Red Hat, Inc. 
	and/or its affiliates, and individual contributors by the @authors tag. See 
	the copyright.txt in the distribution for a full listing of individual contributors. 
	Licensed under the Apache License, Version 2.0 (the "License"); you may not 
	use this file except in compliance with the License. You may obtain a copy 
	of the License at http://www.apache.org/licenses/LICENSE-2.0 Unless required 
	by applicable law or agreed to in writing, software distributed under the 
	License is distributed on an "AS IS" BASIS, WITHOUT WARRANTIES OR CONDITIONS 
	OF ANY KIND, either express or implied. See the License for the specific 
	language governing permissions and limitations under the License. -->
<persistence version="2.0"
	xmlns="http://java.sun.com/xml/ns/persistence" xmlns:xsi="http://www.w3.org/2001/XMLSchema-instance"
	xsi:schemaLocation="
        http://java.sun.com/xml/ns/persistence
        http://java.sun.com/xml/ns/persistence/persistence_2_0.xsd">

	<persistence-unit name="primary">
		<!-- We use a different datasource for tests, so as to not overwrite production 
			data. This is an unmanaged data source, backed by H2, an in memory database. 
			Production applications should use a managed datasource. -->
		<!-- The datasource is deployed as WEB-INF/test-ds.xml, you can find it 
			in the source at src/test/resources/test-ds.xml -->
		<jta-data-source>${jta.data.source.arquilian}</jta-data-source>
		<properties>
			<!-- Properties for Hibernate -->
			<property name="hibernate.hbm2ddl.auto" value="hibernate.hbm2ddl.auto" />
			<property name="hibernate.show_sql" value="${hibernate.show_sql}" />
			<property name="hibernate.format_sql" value="${hibernate.format_sql}" />
		</properties>
	</persistence-unit>


	<persistence-unit name="mockPU" transaction-type="RESOURCE_LOCAL">

		<class>br.com.codeshare.model.Client</class>
		<class>br.com.codeshare.model.ServiceOrder</class>
		<class>br.com.codeshare.model.Phone</class>

		<properties>
			<property name="javax.persistence.jdbc.driver" value="org.h2.Driver" />
			<property name="javax.persistence.jdbc.url" value="jdbc:h2:mem:service-order-test-mock" />
			<property name="javax.persistence.jdbc.user" value="sa" />
			<property name="javax.persistence.jdbc.password" value="sa" />
			<property name="hibernate.connection.shutdown" value="true" />
			<property name="hibernate.hbm2ddl.auto" value="create-drop" />
			<property name="hibernate.show_sql" value="false" />
			<property name="hibernate.dialect" value="org.hibernate.dialect.H2Dialect" />
		</properties>
	</persistence-unit>
</persistence>
